Determining if the pthread_create exist failed with the following output:
Change Dir: /home/robotclass/fastsim/build/altitude/CMakeFiles/CMakeTmp

Run Build Command:"/usr/bin/make" "cmTC_8f07c/fast"
/usr/bin/make -f CMakeFiles/cmTC_8f07c.dir/build.make CMakeFiles/cmTC_8f07c.dir/build
make[1]: Entering directory '/home/robotclass/fastsim/build/altitude/CMakeFiles/CMakeTmp'
Building C object CMakeFiles/cmTC_8f07c.dir/CheckSymbolExists.c.o
/usr/bin/cc     -o CMakeFiles/cmTC_8f07c.dir/CheckSymbolExists.c.o   -c /home/robotclass/fastsim/build/altitude/CMakeFiles/CMakeTmp/CheckSymbolExists.c
Linking C executable cmTC_8f07c
/usr/bin/cmake -E cmake_link_script CMakeFiles/cmTC_8f07c.dir/link.txt --verbose=1
/usr/bin/cc       CMakeFiles/cmTC_8f07c.dir/CheckSymbolExists.c.o  -o cmTC_8f07c -rdynamic 
CMakeFiles/cmTC_8f07c.dir/CheckSymbolExists.c.o: In function `main':
CheckSymbolExists.c:(.text+0x16): undefined reference to `pthread_create'
collect2: error: ld returned 1 exit status
CMakeFiles/cmTC_8f07c.dir/build.make:97: recipe for target 'cmTC_8f07c' failed
make[1]: *** [cmTC_8f07c] Error 1
make[1]: Leaving directory '/home/robotclass/fastsim/build/altitude/CMakeFiles/CMakeTmp'
Makefile:126: recipe for target 'cmTC_8f07c/fast' failed
make: *** [cmTC_8f07c/fast] Error 2

File /home/robotclass/fastsim/build/altitude/CMakeFiles/CMakeTmp/CheckSymbolExists.c:
/* */
#include <pthread.h>

int main(int argc, char** argv)
{
  (void)argv;
#ifndef pthread_create
  return ((int*)(&pthread_create))[argc];
#else
  (void)argc;
  return 0;
#endif
}

Determining if the function pthread_create exists in the pthreads failed with the following output:
Change Dir: /home/robotclass/fastsim/build/altitude/CMakeFiles/CMakeTmp

Run Build Command:"/usr/bin/make" "cmTC_352a2/fast"
/usr/bin/make -f CMakeFiles/cmTC_352a2.dir/build.make CMakeFiles/cmTC_352a2.dir/build
make[1]: Entering directory '/home/robotclass/fastsim/build/altitude/CMakeFiles/CMakeTmp'
Building C object CMakeFiles/cmTC_352a2.dir/CheckFunctionExists.c.o
/usr/bin/cc    -DCHECK_FUNCTION_EXISTS=pthread_create   -o CMakeFiles/cmTC_352a2.dir/CheckFunctionExists.c.o   -c /usr/share/cmake-3.5/Modules/CheckFunctionExists.c
Linking C executable cmTC_352a2
/usr/bin/cmake -E cmake_link_script CMakeFiles/cmTC_352a2.dir/link.txt --verbose=1
/usr/bin/cc   -DCHECK_FUNCTION_EXISTS=pthread_create    CMakeFiles/cmTC_352a2.dir/CheckFunctionExists.c.o  -o cmTC_352a2 -rdynamic -lpthreads 
/usr/bin/ld: cannot find -lpthreads
collect2: error: ld returned 1 exit status
CMakeFiles/cmTC_352a2.dir/build.make:97: recipe for target 'cmTC_352a2' failed
make[1]: *** [cmTC_352a2] Error 1
make[1]: Leaving directory '/home/robotclass/fastsim/build/altitude/CMakeFiles/CMakeTmp'
Makefile:126: recipe for target 'cmTC_352a2/fast' failed
make: *** [cmTC_352a2/fast] Error 2


