Determining if the pthread_create exist failed with the following output:
Change Dir: /home/robotclass/fastsim/build/flightcontroller/CMakeFiles/CMakeTmp

Run Build Command:"/usr/bin/make" "cmTC_aec13/fast"
/usr/bin/make -f CMakeFiles/cmTC_aec13.dir/build.make CMakeFiles/cmTC_aec13.dir/build
make[1]: Entering directory '/home/robotclass/fastsim/build/flightcontroller/CMakeFiles/CMakeTmp'
Building C object CMakeFiles/cmTC_aec13.dir/CheckSymbolExists.c.o
/usr/bin/cc     -o CMakeFiles/cmTC_aec13.dir/CheckSymbolExists.c.o   -c /home/robotclass/fastsim/build/flightcontroller/CMakeFiles/CMakeTmp/CheckSymbolExists.c
Linking C executable cmTC_aec13
/usr/bin/cmake -E cmake_link_script CMakeFiles/cmTC_aec13.dir/link.txt --verbose=1
/usr/bin/cc       CMakeFiles/cmTC_aec13.dir/CheckSymbolExists.c.o  -o cmTC_aec13 -rdynamic 
CMakeFiles/cmTC_aec13.dir/CheckSymbolExists.c.o: In function `main':
CheckSymbolExists.c:(.text+0x16): undefined reference to `pthread_create'
collect2: error: ld returned 1 exit status
CMakeFiles/cmTC_aec13.dir/build.make:97: recipe for target 'cmTC_aec13' failed
make[1]: *** [cmTC_aec13] Error 1
make[1]: Leaving directory '/home/robotclass/fastsim/build/flightcontroller/CMakeFiles/CMakeTmp'
Makefile:126: recipe for target 'cmTC_aec13/fast' failed
make: *** [cmTC_aec13/fast] Error 2

File /home/robotclass/fastsim/build/flightcontroller/CMakeFiles/CMakeTmp/CheckSymbolExists.c:
/* */
#include <pthread.h>

int main(int argc, char** argv)
{
  (void)argv;
#ifndef pthread_create
  return ((int*)(&pthread_create))[argc];
#else
  (void)argc;
  return 0;
#endif
}

Determining if the function pthread_create exists in the pthreads failed with the following output:
Change Dir: /home/robotclass/fastsim/build/flightcontroller/CMakeFiles/CMakeTmp

Run Build Command:"/usr/bin/make" "cmTC_15e27/fast"
/usr/bin/make -f CMakeFiles/cmTC_15e27.dir/build.make CMakeFiles/cmTC_15e27.dir/build
make[1]: Entering directory '/home/robotclass/fastsim/build/flightcontroller/CMakeFiles/CMakeTmp'
Building C object CMakeFiles/cmTC_15e27.dir/CheckFunctionExists.c.o
/usr/bin/cc    -DCHECK_FUNCTION_EXISTS=pthread_create   -o CMakeFiles/cmTC_15e27.dir/CheckFunctionExists.c.o   -c /usr/share/cmake-3.5/Modules/CheckFunctionExists.c
Linking C executable cmTC_15e27
/usr/bin/cmake -E cmake_link_script CMakeFiles/cmTC_15e27.dir/link.txt --verbose=1
/usr/bin/cc   -DCHECK_FUNCTION_EXISTS=pthread_create    CMakeFiles/cmTC_15e27.dir/CheckFunctionExists.c.o  -o cmTC_15e27 -rdynamic -lpthreads 
/usr/bin/ld: cannot find -lpthreads
collect2: error: ld returned 1 exit status
CMakeFiles/cmTC_15e27.dir/build.make:97: recipe for target 'cmTC_15e27' failed
make[1]: *** [cmTC_15e27] Error 1
make[1]: Leaving directory '/home/robotclass/fastsim/build/flightcontroller/CMakeFiles/CMakeTmp'
Makefile:126: recipe for target 'cmTC_15e27/fast' failed
make: *** [cmTC_15e27/fast] Error 2


